<?xml version="1.0" encoding="UTF-8"?>
<!-- Generated by org.testng.reporters.JUnitXMLReporter -->
<testsuite hostname="dlgselenium" name="Default test" tests="5" failures="0" timestamp="13 Dec 2017 11:04:16 GMT" time="100.382" errors="0">
  <testcase name="logIn" time="54.741" classname="ItemTabOperations.ItemHeader"/>
  <testcase name="addItem" time="5.902" classname="ItemTabOperations.ItemHeader"/>
  <testcase name="editItemHeader" time="15.273" classname="ItemTabOperations.ItemHeader"/>
  <testcase name="readExcel" time="9.231" classname="ItemTabOperations.ItemHeader"/>
  <testcase name="exit" time="8.944" classname="ItemTabOperations.ItemHeader"/>
</testsuite> <!-- Default test -->
