<?xml version="1.0" encoding="UTF-8"?>
<testng-results skipped="0" failed="1" total="1" passed="0">
  <reporter-output>
  </reporter-output>
  <suite name="Default suite" duration-ms="118069" started-at="2017-12-14T09:05:38Z" finished-at="2017-12-14T09:07:36Z">
    <groups>
    </groups>
    <test name="Default test" duration-ms="118069" started-at="2017-12-14T09:05:38Z" finished-at="2017-12-14T09:07:36Z">
      <class name="testNgFreamework.DelogueItem">
        <test-method status="PASS" signature="printmessage()[pri:0, instance:testNgFreamework.DelogueItem@39aeed2f]" name="printmessage" is-config="true" duration-ms="8" started-at="2017-12-14T09:05:38Z" finished-at="2017-12-14T09:05:38Z">
          <reporter-output>
          </reporter-output>
        </test-method> <!-- printmessage -->
        <test-method status="PASS" signature="Login()[pri:0, instance:testNgFreamework.DelogueItem@39aeed2f]" name="Login" is-config="true" duration-ms="67981" started-at="2017-12-14T09:05:38Z" finished-at="2017-12-14T09:06:46Z">
          <reporter-output>
          </reporter-output>
        </test-method> <!-- Login -->
        <test-method status="FAIL" signature="addItemDetails()[pri:0, instance:testNgFreamework.DelogueItem@39aeed2f]" name="addItemDetails" duration-ms="50063" started-at="2017-12-14T09:06:46Z" finished-at="2017-12-14T09:07:36Z">
          <exception class="org.openqa.selenium.TimeoutException">
            <message>
              <![CDATA[Timed out after 0 seconds waiting for testNgFreamework.DelogueItem$1@1e0b4072
Build info: version: '2.53.0', revision: '35ae25b', time: '2016-03-15 16:57:40'
System info: host: 'dlgselenium', ip: '10.160.0.2', os.name: 'Windows Server 2016', os.arch: 'amd64', os.version: '10.0', java.version: '1.8.0_151'
Driver info: driver.version: unknown]]>
            </message>
            <full-stacktrace>
              <![CDATA[org.openqa.selenium.TimeoutException: Timed out after 0 seconds waiting for testNgFreamework.DelogueItem$1@1e0b4072
Build info: version: '2.53.0', revision: '35ae25b', time: '2016-03-15 16:57:40'
System info: host: 'dlgselenium', ip: '10.160.0.2', os.name: 'Windows Server 2016', os.arch: 'amd64', os.version: '10.0', java.version: '1.8.0_151'
Driver info: driver.version: unknown
	at org.openqa.selenium.support.ui.FluentWait.timeoutException(FluentWait.java:292)
	at org.openqa.selenium.support.ui.FluentWait.until(FluentWait.java:261)
	at testNgFreamework.DelogueItem.addItemDetails(DelogueItem.java:51)
	at sun.reflect.NativeMethodAccessorImpl.invoke0(Native Method)
	at sun.reflect.NativeMethodAccessorImpl.invoke(Unknown Source)
	at sun.reflect.DelegatingMethodAccessorImpl.invoke(Unknown Source)
	at java.lang.reflect.Method.invoke(Unknown Source)
	at org.testng.internal.MethodInvocationHelper.invokeMethod(MethodInvocationHelper.java:85)
	at org.testng.internal.Invoker.invokeMethod(Invoker.java:639)
	at org.testng.internal.Invoker.invokeTestMethod(Invoker.java:816)
	at org.testng.internal.Invoker.invokeTestMethods(Invoker.java:1124)
	at org.testng.internal.TestMethodWorker.invokeTestMethods(TestMethodWorker.java:125)
	at org.testng.internal.TestMethodWorker.run(TestMethodWorker.java:108)
	at org.testng.TestRunner.privateRun(TestRunner.java:774)
	at org.testng.TestRunner.run(TestRunner.java:624)
	at org.testng.SuiteRunner.runTest(SuiteRunner.java:359)
	at org.testng.SuiteRunner.runSequentially(SuiteRunner.java:354)
	at org.testng.SuiteRunner.privateRun(SuiteRunner.java:312)
	at org.testng.SuiteRunner.run(SuiteRunner.java:261)
	at org.testng.SuiteRunnerWorker.runSuite(SuiteRunnerWorker.java:52)
	at org.testng.SuiteRunnerWorker.run(SuiteRunnerWorker.java:86)
	at org.testng.TestNG.runSuitesSequentially(TestNG.java:1215)
	at org.testng.TestNG.runSuitesLocally(TestNG.java:1140)
	at org.testng.TestNG.run(TestNG.java:1048)
	at org.testng.remote.AbstractRemoteTestNG.run(AbstractRemoteTestNG.java:114)
	at org.testng.remote.RemoteTestNG.initAndRun(RemoteTestNG.java:251)
	at org.testng.remote.RemoteTestNG.main(RemoteTestNG.java:77)
]]>
            </full-stacktrace>
          </exception> <!-- org.openqa.selenium.TimeoutException -->
          <reporter-output>
          </reporter-output>
        </test-method> <!-- addItemDetails -->
      </class> <!-- testNgFreamework.DelogueItem -->
    </test> <!-- Default test -->
  </suite> <!-- Default suite -->
</testng-results>
