<?xml version="1.0" encoding="UTF-8"?>
<testng-results skipped="0" failed="0" total="1" passed="1">
  <reporter-output>
  </reporter-output>
  <suite name="Default suite" duration-ms="82399" started-at="2017-12-12T10:00:24Z" finished-at="2017-12-12T10:01:46Z">
    <groups>
    </groups>
    <test name="Default test" duration-ms="82399" started-at="2017-12-12T10:00:24Z" finished-at="2017-12-12T10:01:46Z">
      <class name="testNgFreamework.DelogueItem">
        <test-method status="PASS" signature="printmessage()[pri:0, instance:testNgFreamework.DelogueItem@457e2f02]" name="printmessage" is-config="true" duration-ms="13" started-at="2017-12-12T10:00:24Z" finished-at="2017-12-12T10:00:24Z">
          <reporter-output>
          </reporter-output>
        </test-method> <!-- printmessage -->
        <test-method status="PASS" signature="Login()[pri:0, instance:testNgFreamework.DelogueItem@457e2f02]" name="Login" is-config="true" duration-ms="71993" started-at="2017-12-12T10:00:24Z" finished-at="2017-12-12T10:01:36Z">
          <reporter-output>
          </reporter-output>
        </test-method> <!-- Login -->
        <test-method status="PASS" signature="addItemDetails()[pri:0, instance:testNgFreamework.DelogueItem@457e2f02]" name="addItemDetails" duration-ms="10381" started-at="2017-12-12T10:01:36Z" finished-at="2017-12-12T10:01:46Z">
          <reporter-output>
          </reporter-output>
        </test-method> <!-- addItemDetails -->
      </class> <!-- testNgFreamework.DelogueItem -->
    </test> <!-- Default test -->
  </suite> <!-- Default suite -->
</testng-results>
