<?xml version="1.0" encoding="UTF-8"?>
<testng-results skipped="0" failed="0" total="5" passed="5">
  <reporter-output>
  </reporter-output>
  <suite name="Default suite" duration-ms="100382" started-at="2017-12-13T11:02:36Z" finished-at="2017-12-13T11:04:16Z">
    <groups>
    </groups>
    <test name="Default test" duration-ms="100382" started-at="2017-12-13T11:02:36Z" finished-at="2017-12-13T11:04:16Z">
      <class name="ItemTabOperations.ItemHeader">
        <test-method status="PASS" signature="init()[pri:0, instance:ItemTabOperations.ItemHeader@4c70fda8]" name="init" is-config="true" duration-ms="6250" started-at="2017-12-13T11:02:36Z" finished-at="2017-12-13T11:02:42Z">
          <reporter-output>
          </reporter-output>
        </test-method> <!-- init -->
        <test-method status="PASS" signature="logIn()[pri:0, instance:ItemTabOperations.ItemHeader@4c70fda8]" name="logIn" duration-ms="54741" started-at="2017-12-13T11:02:42Z" finished-at="2017-12-13T11:03:37Z">
          <reporter-output>
          </reporter-output>
        </test-method> <!-- logIn -->
        <test-method status="PASS" signature="addItem()[pri:0, instance:ItemTabOperations.ItemHeader@4c70fda8]" name="addItem" duration-ms="5902" started-at="2017-12-13T11:03:37Z" depends-on-methods="ItemTabOperations.ItemHeader.logIn" finished-at="2017-12-13T11:03:43Z">
          <reporter-output>
          </reporter-output>
        </test-method> <!-- addItem -->
        <test-method status="PASS" signature="editItemHeader()[pri:0, instance:ItemTabOperations.ItemHeader@4c70fda8]" name="editItemHeader" duration-ms="15273" started-at="2017-12-13T11:03:43Z" depends-on-methods="ItemTabOperations.ItemHeader.addItem" finished-at="2017-12-13T11:03:58Z">
          <reporter-output>
          </reporter-output>
        </test-method> <!-- editItemHeader -->
        <test-method status="PASS" signature="readExcel()[pri:0, instance:ItemTabOperations.ItemHeader@4c70fda8]" name="readExcel" duration-ms="9231" started-at="2017-12-13T11:03:58Z" depends-on-methods="ItemTabOperations.ItemHeader.editItemHeader" finished-at="2017-12-13T11:04:07Z">
          <reporter-output>
          </reporter-output>
        </test-method> <!-- readExcel -->
        <test-method status="PASS" signature="exit()[pri:0, instance:ItemTabOperations.ItemHeader@4c70fda8]" name="exit" duration-ms="8944" started-at="2017-12-13T11:04:07Z" depends-on-methods="ItemTabOperations.ItemHeader.readExcel" finished-at="2017-12-13T11:04:16Z">
          <reporter-output>
          </reporter-output>
        </test-method> <!-- exit -->
      </class> <!-- ItemTabOperations.ItemHeader -->
    </test> <!-- Default test -->
  </suite> <!-- Default suite -->
</testng-results>
