<?xml version="1.0" encoding="UTF-8"?>
<testng-results skipped="0" failed="0" total="2" passed="2">
  <reporter-output>
  </reporter-output>
  <suite name="Default suite" duration-ms="92788" started-at="2017-12-14T08:18:40Z" finished-at="2017-12-14T08:20:13Z">
    <groups>
    </groups>
    <test name="Default test" duration-ms="92788" started-at="2017-12-14T08:18:40Z" finished-at="2017-12-14T08:20:13Z">
      <class name="com.delogue.Testcases.VerifyLogIn">
        <test-method status="PASS" signature="checkValidUser()[pri:0, instance:com.delogue.Testcases.VerifyLogIn@51081592]" name="checkValidUser" duration-ms="69463" started-at="2017-12-14T08:18:40Z" finished-at="2017-12-14T08:19:50Z">
          <reporter-output>
          </reporter-output>
        </test-method> <!-- checkValidUser -->
        <test-method status="PASS" signature="verifyItemHeader()[pri:0, instance:com.delogue.Testcases.VerifyLogIn@51081592]" name="verifyItemHeader" duration-ms="23299" started-at="2017-12-14T08:19:50Z" depends-on-methods="com.delogue.Testcases.VerifyLogIn.checkValidUser" finished-at="2017-12-14T08:20:13Z">
          <reporter-output>
          </reporter-output>
        </test-method> <!-- verifyItemHeader -->
      </class> <!-- com.delogue.Testcases.VerifyLogIn -->
    </test> <!-- Default test -->
  </suite> <!-- Default suite -->
</testng-results>
